<?xml version="1.0" encoding="UTF-8"?>
<testsuite xmlns:xsi="http://www.w3.org/2001/XMLSchema-instance" xsi:noNamespaceSchemaLocation="https://maven.apache.org/surefire/maven-surefire-plugin/xsd/surefire-test-report-3.0.xsd" version="3.0" name="TestSuite" time="3.46" tests="1" errors="0" skipped="0" failures="0">
  <properties>
[...]
</properties>
  <testcase name="loginTest" classname="com.api.tests.LoginAPITest3" time="2.344">
    <system-out><![CDATA[09:06:18.071 [main] INFO  com.api.listeners.TestListener - Test Suite Started!!!
09:06:18.117 [main] INFO  com.api.listeners.TestListener - Started!!!!loginTest
09:06:18.117 [main] INFO  com.api.listeners.TestListener - Description!!verify the login api is working....
09:06:19.511 [main] INFO  com.api.filters.LoggingFilters - BASE URI:http://64.227.160.186:8080
09:06:19.512 [main] INFO  com.api.filters.LoggingFilters - Request Header:Accept=*/*
Content-Type=application/json
09:06:19.512 [main] INFO  com.api.filters.LoggingFilters - Request Payload:{"username":"gopimohan7321@gmail.com","password":"gopi1234"}
09:06:20.352 [main] INFO  com.api.filters.LoggingFilters - BASE URI:200
09:06:20.353 [main] INFO  com.api.filters.LoggingFilters - Request Header:Vary=Origin
Vary=Access-Control-Request-Method
Vary=Access-Control-Request-Headers
Access-Control-Allow-Origin=https://swift.techwithjatin.com
Access-Control-Allow-Methods=GET, POST, PUT, DELETE, OPTIONS
Access-Control-Max-Age=3600
Access-Control-Allow-Headers=Authorization, Content-Type, Accept
Access-Control-Allow-Credentials=true
X-Content-Type-Options=nosniff
X-XSS-Protection=0
Cache-Control=no-cache, no-store, max-age=0, must-revalidate
Pragma=no-cache
Expires=0
X-Frame-Options=DENY
Content-Type=application/json
Transfer-Encoding=chunked
Date=Tue, 08 Jul 2025 03:36:21 GMT
Keep-Alive=timeout=60
Connection=keep-alive
{
    "token": "eyJhbGciOiJIUzI1NiJ9.eyJzdWIiOiJnb3BpbW9oYW43MzIxQGdtYWlsLmNvbSIsImlhdCI6MTc1MTk0NTc4MSwiZXhwIjoxNzUxOTQ5MzgxfQ.wZyUXe73JpmzIkpk7gYANx1G4Wt7nIJ54tWSGlltG7g",
    "type": "Bearer",
    "id": 1394,
    "username": "gopimohan7321@gmail.com",
    "email": "Rashmitha123@gmail.com",
    "roles": [
        "ROLE_USER"
    ]
}
09:06:20.406 [main] INFO  com.api.filters.LoggingFilters - Request Body:{
    "token": "eyJhbGciOiJIUzI1NiJ9.eyJzdWIiOiJnb3BpbW9oYW43MzIxQGdtYWlsLmNvbSIsImlhdCI6MTc1MTk0NTc4MSwiZXhwIjoxNzUxOTQ5MzgxfQ.wZyUXe73JpmzIkpk7gYANx1G4Wt7nIJ54tWSGlltG7g",
    "type": "Bearer",
    "id": 1394,
    "username": "gopimohan7321@gmail.com",
    "email": "Rashmitha123@gmail.com",
    "roles": [
        "ROLE_USER"
    ]
}
{
    "token": "eyJhbGciOiJIUzI1NiJ9.eyJzdWIiOiJnb3BpbW9oYW43MzIxQGdtYWlsLmNvbSIsImlhdCI6MTc1MTk0NTc4MSwiZXhwIjoxNzUxOTQ5MzgxfQ.wZyUXe73JpmzIkpk7gYANx1G4Wt7nIJ54tWSGlltG7g",
    "type": "Bearer",
    "id": 1394,
    "username": "gopimohan7321@gmail.com",
    "email": "Rashmitha123@gmail.com",
    "roles": [
        "ROLE_USER"
    ]
}
eyJhbGciOiJIUzI1NiJ9.eyJzdWIiOiJnb3BpbW9oYW43MzIxQGdtYWlsLmNvbSIsImlhdCI6MTc1MTk0NTc4MSwiZXhwIjoxNzUxOTQ5MzgxfQ.wZyUXe73JpmzIkpk7gYANx1G4Wt7nIJ54tWSGlltG7g
1394
Rashmitha123@gmail.com
]]></system-out>
    <system-err><![CDATA[SLF4J: Failed to load class "org.slf4j.impl.StaticLoggerBinder".
SLF4J: Defaulting to no-operation (NOP) logger implementation
SLF4J: See http://www.slf4j.org/codes.html#StaticLoggerBinder for further details.
]]></system-err>
  </testcase>
</testsuite>